<?xml version="1.0" encoding="UTF-8"?>
<!-- Generated by org.testng.reporters.JUnitXMLReporter -->
<testsuite hostname="DESKTOP-C7IQ8IL" ignored="0" name="Surefire test" tests="7" failures="0" timestamp="2021-09-20T21:09:26 CDT" time="6.102" errors="0">
  <testcase name="gmailAPITest" time="3.006" classname="GmailApp.GmailAPITest"/>
  <testcase name="runScenario" time="0.538" classname="io.cucumber.testng.AbstractTestNGCucumberTests"/>
  <testcase name="runScenario" time="0.156" classname="io.cucumber.testng.AbstractTestNGCucumberTests"/>
  <testcase name="runScenario" time="0.385" classname="io.cucumber.testng.AbstractTestNGCucumberTests"/>
  <testcase name="runScenario" time="0.39" classname="io.cucumber.testng.AbstractTestNGCucumberTests"/>
  <testcase name="runScenario" time="0.509" classname="io.cucumber.testng.AbstractTestNGCucumberTests"/>
  <testcase name="runScenario" time="0.419" classname="io.cucumber.testng.AbstractTestNGCucumberTests"/>
</testsuite> <!-- Surefire test -->
