<?xml version="1.0" encoding="UTF-8"?>
<testng-results skipped="0" failed="0" ignored="0" total="2" passed="2">
  <reporter-output>
  </reporter-output>
  <suite name="Default Suite" duration-ms="11581" started-at="2021-09-06T19:21:11 CDT" finished-at="2021-09-06T19:21:23 CDT">
    <groups>
    </groups>
    <test name="Sindhura1_Framework" duration-ms="11581" started-at="2021-09-06T19:21:11 CDT" finished-at="2021-09-06T19:21:23 CDT">
      <class name="SmokeTests.DemoQATest1">
        <test-method status="PASS" signature="setup()[pri:0, instance:SmokeTests.DemoQATest1@6767c1fc]" name="setup" is-config="true" duration-ms="4039" started-at="2021-09-06T19:21:11 CDT" finished-at="2021-09-06T19:21:15 CDT">
          <reporter-output>
          </reporter-output>
        </test-method> <!-- setup -->
        <test-method status="PASS" signature="TC002()[pri:0, instance:SmokeTests.DemoQATest1@6767c1fc]" name="TC002" duration-ms="1557" started-at="2021-09-06T19:21:15 CDT" finished-at="2021-09-06T19:21:17 CDT">
          <reporter-output>
          </reporter-output>
        </test-method> <!-- TC002 -->
        <test-method status="PASS" signature="TC001()[pri:1, instance:SmokeTests.DemoQATest1@6767c1fc]" name="TC001" duration-ms="5818" started-at="2021-09-06T19:21:17 CDT" finished-at="2021-09-06T19:21:23 CDT">
          <reporter-output>
          </reporter-output>
        </test-method> <!-- TC001 -->
        <test-method status="PASS" signature="teardown()[pri:0, instance:SmokeTests.DemoQATest1@6767c1fc]" name="teardown" is-config="true" duration-ms="130" started-at="2021-09-06T19:21:23 CDT" finished-at="2021-09-06T19:21:23 CDT">
          <reporter-output>
          </reporter-output>
        </test-method> <!-- teardown -->
      </class> <!-- SmokeTests.DemoQATest1 -->
    </test> <!-- Sindhura1_Framework -->
  </suite> <!-- Default Suite -->
</testng-results>
