<?xml version="1.0" encoding="UTF-8"?>
<testsuite xmlns:xsi="http://www.w3.org/2001/XMLSchema-instance" xsi:noNamespaceSchemaLocation="https://maven.apache.org/surefire/maven-surefire-plugin/xsd/surefire-test-report.xsd" name="TestSuite" time="7.249" tests="3" errors="0" skipped="0" failures="2">
  <properties>
[...]
</properties>
  <testcase name="gmailAPITest" classname="GmailApp.GmailAPITest" time="3.435"/>
  <testcase name="runScenario" classname="SmokeTests.CucumberRunnerTest" time="1.12">
    <failure message="expected [201] but found [200]" type="java.lang.AssertionError">java.lang.AssertionError: expected [201] but found [200]
</failure>
    <system-out><![CDATA[
@sanitytest @TC001
Scenario: Creating post call for new pet                    &amp#27;[90m# src/main/resources/Features/Swagger.feature:5&amp#27;[0m
  &amp#27;[32mGiven &amp#27;[0m&amp#27;[32mIm sending swaggerURI of application&amp#27;[0m                &amp#27;[90m# stepDefinitions.Swaggersteps.imSendingSwaggerAPIOfApplication()&amp#27;[0m
  &amp#27;[32mWhen &amp#27;[0m&amp#27;[32mIm setting the values for the parameters for new pet&amp#27;[0m &amp#27;[90m# stepDefinitions.Swaggersteps.imSettingTheValuesForTheParametersForNewPet()&amp#27;[0m
  &amp#27;[32mAnd &amp#27;[0m&amp#27;[32mIm passing endpoint for adding new pet&amp#27;[0m                &amp#27;[90m# stepDefinitions.Swaggersteps.imPassingEndpointForAddingNewPet()&amp#27;[0m
  &amp#27;[31mThen &amp#27;[0m&amp#27;[31mIm validating the status code as &amp#27;[0m&amp#27;[31m&amp#27;[1m201&amp#27;[0m                 &amp#27;[90m# stepDefinitions.Swaggersteps.imValidatingTheStatusCodeAs(int)&amp#27;[0m
      &amp#27;[31mjava.lang.AssertionError: expected [201] but found [200]
	at org.testng.Assert.fail(Assert.java:97)
	at org.testng.Assert.assertEqualsImpl(Assert.java:136)
	at org.testng.Assert.assertEquals(Assert.java:118)
	at org.testng.Assert.assertEquals(Assert.java:839)
	at org.testng.Assert.assertEquals(Assert.java:849)
	at stepDefinitions.Swaggersteps.imValidatingTheStatusCodeAs(Swaggersteps.java:127)
	at ?.Im validating the status code as 201(file:///C:/Sindhura1_Respository/SDET-Training/Sindhura1_Framework/src/main/resources/Features/Swagger.feature:9)
&amp#27;[0m
]]></system-out>
  </testcase>
  <testcase name="runScenario" classname="SmokeTests.CucumberRunnerTest" time="0.937">
    <failure message="expected [201] but found [200]" type="java.lang.AssertionError">java.lang.AssertionError: expected [201] but found [200]
</failure>
    <system-out><![CDATA[
@sanitytest @TC002
Scenario: Creating post call for list of users                    &amp#27;[90m# src/main/resources/Features/Swagger.feature:13&amp#27;[0m
  &amp#27;[32mGiven &amp#27;[0m&amp#27;[32mIm sending swaggerURI of application&amp#27;[0m                      &amp#27;[90m# stepDefinitions.Swaggersteps.imSendingSwaggerAPIOfApplication()&amp#27;[0m
  &amp#27;[32mWhen &amp#27;[0m&amp#27;[32mIm setting the values for the parameters for list of users&amp#27;[0m &amp#27;[90m# stepDefinitions.Swaggersteps.imSettingTheValuesForTheParametersForListOfUsers()&amp#27;[0m
  &amp#27;[32mAnd &amp#27;[0m&amp#27;[32mIm passing endpoint for list of users&amp#27;[0m                       &amp#27;[90m# stepDefinitions.Swaggersteps.imPassingEndpointForListOfUsers()&amp#27;[0m
  &amp#27;[31mThen &amp#27;[0m&amp#27;[31mIm validating the status code as &amp#27;[0m&amp#27;[31m&amp#27;[1m201&amp#27;[0m                       &amp#27;[90m# stepDefinitions.Swaggersteps.imValidatingTheStatusCodeAs(int)&amp#27;[0m
      &amp#27;[31mjava.lang.AssertionError: expected [201] but found [200]
	at org.testng.Assert.fail(Assert.java:97)
	at org.testng.Assert.assertEqualsImpl(Assert.java:136)
	at org.testng.Assert.assertEquals(Assert.java:118)
	at org.testng.Assert.assertEquals(Assert.java:839)
	at org.testng.Assert.assertEquals(Assert.java:849)
	at stepDefinitions.Swaggersteps.imValidatingTheStatusCodeAs(Swaggersteps.java:127)
	at ?.Im validating the status code as 201(file:///C:/Sindhura1_Respository/SDET-Training/Sindhura1_Framework/src/main/resources/Features/Swagger.feature:17)
&amp#27;[0m
]]></system-out>
  </testcase>
</testsuite>